{"/Users/Salsa-Suace/Documents/node-app/Vidly/index.js": {"path":"/Users/Salsa-Suace/Documents/node-app/Vidly/index.js","statementMap":{"0":{"start":{"line":1,"column":16},"end":{"line":1,"column":34}},"1":{"start":{"line":2,"column":16},"end":{"line":2,"column":34}},"2":{"start":{"line":3,"column":12},"end":{"line":3,"column":21}},"3":{"start":{"line":5,"column":0},"end":{"line":5,"column":31}},"4":{"start":{"line":6,"column":0},"end":{"line":6,"column":33}},"5":{"start":{"line":7,"column":0},"end":{"line":7,"column":26}},"6":{"start":{"line":8,"column":0},"end":{"line":8,"column":30}},"7":{"start":{"line":9,"column":0},"end":{"line":9,"column":34}},"8":{"start":{"line":11,"column":13},"end":{"line":11,"column":38}},"9":{"start":{"line":12,"column":15},"end":{"line":12,"column":79}},"10":{"start":{"line":12,"column":37},"end":{"line":12,"column":78}},"11":{"start":{"line":14,"column":0},"end":{"line":14,"column":24}}},"fnMap":{"0":{"name":"(anonymous_0)","decl":{"start":{"line":12,"column":32},"end":{"line":12,"column":33}},"loc":{"start":{"line":12,"column":37},"end":{"line":12,"column":78}},"line":12}},"branchMap":{"0":{"loc":{"start":{"line":11,"column":13},"end":{"line":11,"column":38}},"type":"binary-expr","locations":[{"start":{"line":11,"column":13},"end":{"line":11,"column":29}},{"start":{"line":11,"column":34},"end":{"line":11,"column":38}}],"line":11}},"s":{"0":3,"1":3,"2":3,"3":3,"4":3,"5":3,"6":3,"7":3,"8":3,"9":3,"10":3,"11":3},"f":{"0":3},"b":{"0":[3,3]},"_coverageSchema":"1a1c01bbd47fc00a2c39e90264f33305004495a9","hash":"d3d217a5b66a923b4b0c281d658410ac483fba2e"}
,"/Users/Salsa-Suace/Documents/node-app/Vidly/middleware/admin.js": {"path":"/Users/Salsa-Suace/Documents/node-app/Vidly/middleware/admin.js","statementMap":{"0":{"start":{"line":1,"column":12},"end":{"line":1,"column":35}},"1":{"start":{"line":2,"column":15},"end":{"line":2,"column":32}},"2":{"start":{"line":6,"column":2},"end":{"line":6,"column":71}},"3":{"start":{"line":6,"column":25},"end":{"line":6,"column":71}},"4":{"start":{"line":7,"column":2},"end":{"line":7,"column":9}},"5":{"start":{"line":11,"column":0},"end":{"line":11,"column":23}}},"fnMap":{"0":{"name":"admin","decl":{"start":{"line":4,"column":9},"end":{"line":4,"column":14}},"loc":{"start":{"line":4,"column":31},"end":{"line":9,"column":1}},"line":4}},"branchMap":{"0":{"loc":{"start":{"line":6,"column":2},"end":{"line":6,"column":71}},"type":"if","locations":[{"start":{"line":6,"column":2},"end":{"line":6,"column":71}},{"start":{},"end":{}}],"line":6}},"s":{"0":3,"1":3,"2":4,"3":1,"4":3,"5":3},"f":{"0":4},"b":{"0":[1,3]},"_coverageSchema":"1a1c01bbd47fc00a2c39e90264f33305004495a9","hash":"0ce39ee924c6b9754860eb7ecac182f7e258047f"}
,"/Users/Salsa-Suace/Documents/node-app/Vidly/middleware/auth.js": {"path":"/Users/Salsa-Suace/Documents/node-app/Vidly/middleware/auth.js","statementMap":{"0":{"start":{"line":1,"column":12},"end":{"line":1,"column":35}},"1":{"start":{"line":2,"column":15},"end":{"line":2,"column":32}},"2":{"start":{"line":5,"column":16},"end":{"line":5,"column":42}},"3":{"start":{"line":6,"column":2},"end":{"line":6,"column":77}},"4":{"start":{"line":6,"column":13},"end":{"line":6,"column":77}},"5":{"start":{"line":8,"column":2},"end":{"line":16,"column":3}},"6":{"start":{"line":9,"column":19},"end":{"line":9,"column":65}},"7":{"start":{"line":10,"column":4},"end":{"line":10,"column":23}},"8":{"start":{"line":11,"column":4},"end":{"line":11,"column":11}},"9":{"start":{"line":15,"column":4},"end":{"line":15,"column":42}},"10":{"start":{"line":20,"column":0},"end":{"line":20,"column":22}}},"fnMap":{"0":{"name":"auth","decl":{"start":{"line":4,"column":9},"end":{"line":4,"column":13}},"loc":{"start":{"line":4,"column":30},"end":{"line":18,"column":1}},"line":4}},"branchMap":{"0":{"loc":{"start":{"line":6,"column":2},"end":{"line":6,"column":77}},"type":"if","locations":[{"start":{"line":6,"column":2},"end":{"line":6,"column":77}},{"start":{},"end":{}}],"line":6}},"s":{"0":4,"1":4,"2":24,"3":24,"4":4,"5":20,"6":20,"7":19,"8":19,"9":1,"10":4},"f":{"0":24},"b":{"0":[4,20]},"_coverageSchema":"1a1c01bbd47fc00a2c39e90264f33305004495a9","hash":"acb90c88a45a4c24ec981cf8770a57a7a4a971a7"}
,"/Users/Salsa-Suace/Documents/node-app/Vidly/middleware/error.js": {"path":"/Users/Salsa-Suace/Documents/node-app/Vidly/middleware/error.js","statementMap":{"0":{"start":{"line":1,"column":16},"end":{"line":1,"column":34}},"1":{"start":{"line":3,"column":0},"end":{"line":16,"column":1}},"2":{"start":{"line":6,"column":2},"end":{"line":6,"column":34}},"3":{"start":{"line":15,"column":2},"end":{"line":15,"column":48}}},"fnMap":{"0":{"name":"(anonymous_0)","decl":{"start":{"line":3,"column":15},"end":{"line":3,"column":16}},"loc":{"start":{"line":3,"column":41},"end":{"line":16,"column":1}},"line":3}},"branchMap":{},"s":{"0":3,"1":3,"2":0,"3":0},"f":{"0":0},"b":{},"_coverageSchema":"1a1c01bbd47fc00a2c39e90264f33305004495a9","hash":"4f7adb09923e622f2fcddc5b197b397ab3534b42"}
,"/Users/Salsa-Suace/Documents/node-app/Vidly/middleware/validateObjectId.js": {"path":"/Users/Salsa-Suace/Documents/node-app/Vidly/middleware/validateObjectId.js","statementMap":{"0":{"start":{"line":1,"column":17},"end":{"line":1,"column":36}},"1":{"start":{"line":3,"column":0},"end":{"line":8,"column":1}},"2":{"start":{"line":4,"column":2},"end":{"line":5,"column":47}},"3":{"start":{"line":5,"column":4},"end":{"line":5,"column":47}},"4":{"start":{"line":7,"column":2},"end":{"line":7,"column":9}}},"fnMap":{"0":{"name":"(anonymous_0)","decl":{"start":{"line":3,"column":17},"end":{"line":3,"column":18}},"loc":{"start":{"line":3,"column":42},"end":{"line":8,"column":1}},"line":3}},"branchMap":{"0":{"loc":{"start":{"line":4,"column":2},"end":{"line":5,"column":47}},"type":"if","locations":[{"start":{"line":4,"column":2},"end":{"line":5,"column":47}},{"start":{},"end":{}}],"line":4}},"s":{"0":3,"1":3,"2":2,"3":1,"4":1},"f":{"0":2},"b":{"0":[1,1]},"_coverageSchema":"1a1c01bbd47fc00a2c39e90264f33305004495a9","hash":"ffdcf6fadb43db88e607afca2866fa4c47345209"}
,"/Users/Salsa-Suace/Documents/node-app/Vidly/models/customer.js": {"path":"/Users/Salsa-Suace/Documents/node-app/Vidly/models/customer.js","statementMap":{"0":{"start":{"line":1,"column":12},"end":{"line":1,"column":26}},"1":{"start":{"line":2,"column":17},"end":{"line":2,"column":36}},"2":{"start":{"line":4,"column":23},"end":{"line":21,"column":2}},"3":{"start":{"line":26,"column":17},"end":{"line":30,"column":4}},"4":{"start":{"line":32,"column":2},"end":{"line":32,"column":35}},"5":{"start":{"line":35,"column":0},"end":{"line":35,"column":62}},"6":{"start":{"line":36,"column":0},"end":{"line":36,"column":36}}},"fnMap":{"0":{"name":"validateCustomer","decl":{"start":{"line":24,"column":9},"end":{"line":24,"column":25}},"loc":{"start":{"line":24,"column":35},"end":{"line":33,"column":1}},"line":24}},"branchMap":{},"s":{"0":3,"1":3,"2":3,"3":0,"4":0,"5":3,"6":3},"f":{"0":0},"b":{},"_coverageSchema":"1a1c01bbd47fc00a2c39e90264f33305004495a9","hash":"0f305deb0f841b25a0bf05609c9dd997b7259f34"}
,"/Users/Salsa-Suace/Documents/node-app/Vidly/models/genre.js": {"path":"/Users/Salsa-Suace/Documents/node-app/Vidly/models/genre.js","statementMap":{"0":{"start":{"line":1,"column":12},"end":{"line":1,"column":26}},"1":{"start":{"line":2,"column":17},"end":{"line":2,"column":36}},"2":{"start":{"line":4,"column":20},"end":{"line":17,"column":2}},"3":{"start":{"line":22,"column":17},"end":{"line":26,"column":4}},"4":{"start":{"line":27,"column":2},"end":{"line":27,"column":32}},"5":{"start":{"line":30,"column":0},"end":{"line":30,"column":34}},"6":{"start":{"line":31,"column":0},"end":{"line":31,"column":53}},"7":{"start":{"line":32,"column":0},"end":{"line":32,"column":33}}},"fnMap":{"0":{"name":"validateGenre","decl":{"start":{"line":20,"column":9},"end":{"line":20,"column":22}},"loc":{"start":{"line":20,"column":29},"end":{"line":28,"column":1}},"line":20}},"branchMap":{},"s":{"0":3,"1":3,"2":3,"3":13,"4":13,"5":3,"6":3,"7":3},"f":{"0":13},"b":{},"_coverageSchema":"1a1c01bbd47fc00a2c39e90264f33305004495a9","hash":"6b3da3c49b78b0079a6b8421e81cf0577f06fdb0"}
,"/Users/Salsa-Suace/Documents/node-app/Vidly/models/movie.js": {"path":"/Users/Salsa-Suace/Documents/node-app/Vidly/models/movie.js","statementMap":{"0":{"start":{"line":1,"column":17},"end":{"line":1,"column":36}},"1":{"start":{"line":2,"column":22},"end":{"line":2,"column":40}},"2":{"start":{"line":3,"column":12},"end":{"line":3,"column":26}},"3":{"start":{"line":5,"column":20},"end":{"line":29,"column":2}},"4":{"start":{"line":34,"column":17},"end":{"line":39,"column":4}},"5":{"start":{"line":40,"column":2},"end":{"line":40,"column":32}},"6":{"start":{"line":43,"column":0},"end":{"line":43,"column":53}},"7":{"start":{"line":44,"column":0},"end":{"line":44,"column":33}}},"fnMap":{"0":{"name":"validateMovie","decl":{"start":{"line":32,"column":9},"end":{"line":32,"column":22}},"loc":{"start":{"line":32,"column":29},"end":{"line":41,"column":1}},"line":32}},"branchMap":{},"s":{"0":3,"1":3,"2":3,"3":3,"4":0,"5":0,"6":3,"7":3},"f":{"0":0},"b":{},"_coverageSchema":"1a1c01bbd47fc00a2c39e90264f33305004495a9","hash":"c264047ee74ee74eedb1a128623f893b43394e9c"}
,"/Users/Salsa-Suace/Documents/node-app/Vidly/models/rental.js": {"path":"/Users/Salsa-Suace/Documents/node-app/Vidly/models/rental.js","statementMap":{"0":{"start":{"line":1,"column":17},"end":{"line":1,"column":36}},"1":{"start":{"line":2,"column":12},"end":{"line":2,"column":26}},"2":{"start":{"line":5,"column":21},"end":{"line":60,"column":2}},"3":{"start":{"line":65,"column":17},"end":{"line":68,"column":4}},"4":{"start":{"line":69,"column":2},"end":{"line":69,"column":33}},"5":{"start":{"line":72,"column":0},"end":{"line":72,"column":56}},"6":{"start":{"line":73,"column":0},"end":{"line":73,"column":34}}},"fnMap":{"0":{"name":"validateRental","decl":{"start":{"line":63,"column":9},"end":{"line":63,"column":23}},"loc":{"start":{"line":63,"column":31},"end":{"line":70,"column":1}},"line":63}},"branchMap":{},"s":{"0":3,"1":3,"2":3,"3":0,"4":0,"5":3,"6":3},"f":{"0":0},"b":{},"_coverageSchema":"1a1c01bbd47fc00a2c39e90264f33305004495a9","hash":"e8bd8aba23350ddd53d751312b41f7e2572619ee"}
,"/Users/Salsa-Suace/Documents/node-app/Vidly/models/user.js": {"path":"/Users/Salsa-Suace/Documents/node-app/Vidly/models/user.js","statementMap":{"0":{"start":{"line":1,"column":17},"end":{"line":1,"column":36}},"1":{"start":{"line":2,"column":12},"end":{"line":2,"column":35}},"2":{"start":{"line":3,"column":12},"end":{"line":3,"column":26}},"3":{"start":{"line":4,"column":15},"end":{"line":4,"column":32}},"4":{"start":{"line":6,"column":19},"end":{"line":32,"column":2}},"5":{"start":{"line":34,"column":0},"end":{"line":36,"column":1}},"6":{"start":{"line":35,"column":2},"end":{"line":35,"column":89}},"7":{"start":{"line":39,"column":17},"end":{"line":43,"column":4}},"8":{"start":{"line":45,"column":2},"end":{"line":45,"column":31}},"9":{"start":{"line":48,"column":0},"end":{"line":48,"column":48}},"10":{"start":{"line":49,"column":0},"end":{"line":49,"column":32}}},"fnMap":{"0":{"name":"(anonymous_0)","decl":{"start":{"line":34,"column":39},"end":{"line":34,"column":40}},"loc":{"start":{"line":34,"column":49},"end":{"line":36,"column":1}},"line":34},"1":{"name":"validateUser","decl":{"start":{"line":38,"column":9},"end":{"line":38,"column":21}},"loc":{"start":{"line":38,"column":27},"end":{"line":46,"column":1}},"line":38}},"branchMap":{},"s":{"0":5,"1":5,"2":5,"3":5,"4":5,"5":5,"6":34,"7":0,"8":0,"9":5,"10":5},"f":{"0":34,"1":0},"b":{},"_coverageSchema":"1a1c01bbd47fc00a2c39e90264f33305004495a9","hash":"629ea73155afae6fbc639e74cab3540f22d82721"}
,"/Users/Salsa-Suace/Documents/node-app/Vidly/routers/auth.js": {"path":"/Users/Salsa-Suace/Documents/node-app/Vidly/routers/auth.js","statementMap":{"0":{"start":{"line":1,"column":10},"end":{"line":1,"column":27}},"1":{"start":{"line":2,"column":15},"end":{"line":2,"column":32}},"2":{"start":{"line":3,"column":15},"end":{"line":3,"column":40}},"3":{"start":{"line":4,"column":17},"end":{"line":4,"column":36}},"4":{"start":{"line":5,"column":16},"end":{"line":5,"column":34}},"5":{"start":{"line":6,"column":15},"end":{"line":6,"column":31}},"6":{"start":{"line":7,"column":12},"end":{"line":7,"column":26}},"7":{"start":{"line":8,"column":30},"end":{"line":8,"column":53}},"8":{"start":{"line":10,"column":0},"end":{"line":23,"column":2}},"9":{"start":{"line":12,"column":20},"end":{"line":12,"column":38}},"10":{"start":{"line":13,"column":2},"end":{"line":13,"column":68}},"11":{"start":{"line":13,"column":14},"end":{"line":13,"column":68}},"12":{"start":{"line":15,"column":13},"end":{"line":15,"column":57}},"13":{"start":{"line":16,"column":2},"end":{"line":16,"column":68}},"14":{"start":{"line":16,"column":12},"end":{"line":16,"column":68}},"15":{"start":{"line":18,"column":24},"end":{"line":18,"column":78}},"16":{"start":{"line":19,"column":2},"end":{"line":19,"column":77}},"17":{"start":{"line":19,"column":21},"end":{"line":19,"column":77}},"18":{"start":{"line":21,"column":16},"end":{"line":21,"column":40}},"19":{"start":{"line":22,"column":2},"end":{"line":22,"column":18}},"20":{"start":{"line":26,"column":17},"end":{"line":29,"column":4}},"21":{"start":{"line":31,"column":2},"end":{"line":31,"column":30}},"22":{"start":{"line":34,"column":0},"end":{"line":34,"column":24}}},"fnMap":{"0":{"name":"(anonymous_0)","decl":{"start":{"line":10,"column":17},"end":{"line":10,"column":18}},"loc":{"start":{"line":10,"column":36},"end":{"line":23,"column":1}},"line":10},"1":{"name":"validate","decl":{"start":{"line":25,"column":9},"end":{"line":25,"column":17}},"loc":{"start":{"line":25,"column":22},"end":{"line":32,"column":1}},"line":25}},"branchMap":{"0":{"loc":{"start":{"line":13,"column":2},"end":{"line":13,"column":68}},"type":"if","locations":[{"start":{"line":13,"column":2},"end":{"line":13,"column":68}},{"start":{},"end":{}}],"line":13},"1":{"loc":{"start":{"line":16,"column":2},"end":{"line":16,"column":68}},"type":"if","locations":[{"start":{"line":16,"column":2},"end":{"line":16,"column":68}},{"start":{},"end":{}}],"line":16},"2":{"loc":{"start":{"line":19,"column":2},"end":{"line":19,"column":77}},"type":"if","locations":[{"start":{"line":19,"column":2},"end":{"line":19,"column":77}},{"start":{},"end":{}}],"line":19}},"s":{"0":3,"1":3,"2":3,"3":3,"4":3,"5":3,"6":3,"7":3,"8":3,"9":0,"10":0,"11":0,"12":0,"13":0,"14":0,"15":0,"16":0,"17":0,"18":0,"19":0,"20":0,"21":0,"22":3},"f":{"0":0,"1":0},"b":{"0":[0,0],"1":[0,0],"2":[0,0]},"_coverageSchema":"1a1c01bbd47fc00a2c39e90264f33305004495a9","hash":"2211af7cd47da2952338c6027507bc3335fc027a"}
,"/Users/Salsa-Suace/Documents/node-app/Vidly/routers/customers.js": {"path":"/Users/Salsa-Suace/Documents/node-app/Vidly/routers/customers.js","statementMap":{"0":{"start":{"line":1,"column":16},"end":{"line":1,"column":34}},"1":{"start":{"line":2,"column":17},"end":{"line":2,"column":36}},"2":{"start":{"line":3,"column":13},"end":{"line":3,"column":42}},"3":{"start":{"line":4,"column":12},"end":{"line":4,"column":26}},"4":{"start":{"line":5,"column":15},"end":{"line":5,"column":31}},"5":{"start":{"line":6,"column":0},"end":{"line":6,"column":17}},"6":{"start":{"line":7,"column":28},"end":{"line":7,"column":57}},"7":{"start":{"line":11,"column":0},"end":{"line":19,"column":3}},"8":{"start":{"line":12,"column":2},"end":{"line":18,"column":3}},"9":{"start":{"line":13,"column":21},"end":{"line":13,"column":55}},"10":{"start":{"line":14,"column":4},"end":{"line":14,"column":23}},"11":{"start":{"line":17,"column":4},"end":{"line":17,"column":50}},"12":{"start":{"line":22,"column":0},"end":{"line":33,"column":3}},"13":{"start":{"line":24,"column":2},"end":{"line":31,"column":3}},"14":{"start":{"line":25,"column":18},"end":{"line":25,"column":56}},"15":{"start":{"line":26,"column":4},"end":{"line":27,"column":27}},"16":{"start":{"line":26,"column":15},"end":{"line":26,"column":65}},"17":{"start":{"line":27,"column":11},"end":{"line":27,"column":27}},"18":{"start":{"line":30,"column":4},"end":{"line":30,"column":39}},"19":{"start":{"line":36,"column":0},"end":{"line":59,"column":3}},"20":{"start":{"line":38,"column":18},"end":{"line":38,"column":36}},"21":{"start":{"line":39,"column":2},"end":{"line":39,"column":67}},"22":{"start":{"line":39,"column":13},"end":{"line":39,"column":67}},"23":{"start":{"line":42,"column":17},"end":{"line":46,"column":4}},"24":{"start":{"line":48,"column":2},"end":{"line":57,"column":3}},"25":{"start":{"line":49,"column":4},"end":{"line":49,"column":34}},"26":{"start":{"line":50,"column":4},"end":{"line":50,"column":23}},"27":{"start":{"line":53,"column":4},"end":{"line":56,"column":5}},"28":{"start":{"line":54,"column":23},"end":{"line":54,"column":67}},"29":{"start":{"line":54,"column":57},"end":{"line":54,"column":66}},"30":{"start":{"line":55,"column":6},"end":{"line":55,"column":55}},"31":{"start":{"line":63,"column":0},"end":{"line":91,"column":3}},"32":{"start":{"line":66,"column":2},"end":{"line":67,"column":55}},"33":{"start":{"line":67,"column":4},"end":{"line":67,"column":55}},"34":{"start":{"line":70,"column":20},"end":{"line":70,"column":38}},"35":{"start":{"line":71,"column":2},"end":{"line":71,"column":67}},"36":{"start":{"line":71,"column":13},"end":{"line":71,"column":67}},"37":{"start":{"line":73,"column":19},"end":{"line":84,"column":3}},"38":{"start":{"line":86,"column":2},"end":{"line":87,"column":53}},"39":{"start":{"line":87,"column":4},"end":{"line":87,"column":53}},"40":{"start":{"line":89,"column":2},"end":{"line":89,"column":21}},"41":{"start":{"line":94,"column":0},"end":{"line":102,"column":2}},"42":{"start":{"line":95,"column":2},"end":{"line":96,"column":46}},"43":{"start":{"line":96,"column":4},"end":{"line":96,"column":46}},"44":{"start":{"line":98,"column":19},"end":{"line":98,"column":66}},"45":{"start":{"line":100,"column":2},"end":{"line":100,"column":66}},"46":{"start":{"line":100,"column":16},"end":{"line":100,"column":66}},"47":{"start":{"line":101,"column":4},"end":{"line":101,"column":20}},"48":{"start":{"line":106,"column":0},"end":{"line":106,"column":23}}},"fnMap":{"0":{"name":"(anonymous_0)","decl":{"start":{"line":11,"column":15},"end":{"line":11,"column":16}},"loc":{"start":{"line":11,"column":32},"end":{"line":19,"column":1}},"line":11},"1":{"name":"(anonymous_1)","decl":{"start":{"line":22,"column":19},"end":{"line":22,"column":20}},"loc":{"start":{"line":22,"column":36},"end":{"line":33,"column":1}},"line":22},"2":{"name":"(anonymous_2)","decl":{"start":{"line":36,"column":17},"end":{"line":36,"column":18}},"loc":{"start":{"line":36,"column":34},"end":{"line":59,"column":1}},"line":36},"3":{"name":"(anonymous_3)","decl":{"start":{"line":54,"column":52},"end":{"line":54,"column":53}},"loc":{"start":{"line":54,"column":57},"end":{"line":54,"column":66}},"line":54},"4":{"name":"(anonymous_4)","decl":{"start":{"line":63,"column":19},"end":{"line":63,"column":20}},"loc":{"start":{"line":63,"column":36},"end":{"line":91,"column":1}},"line":63},"5":{"name":"(anonymous_5)","decl":{"start":{"line":94,"column":22},"end":{"line":94,"column":23}},"loc":{"start":{"line":94,"column":39},"end":{"line":102,"column":1}},"line":94}},"branchMap":{"0":{"loc":{"start":{"line":26,"column":4},"end":{"line":27,"column":27}},"type":"if","locations":[{"start":{"line":26,"column":4},"end":{"line":27,"column":27}},{"start":{"line":27,"column":11},"end":{"line":27,"column":27}}],"line":26},"1":{"loc":{"start":{"line":39,"column":2},"end":{"line":39,"column":67}},"type":"if","locations":[{"start":{"line":39,"column":2},"end":{"line":39,"column":67}},{"start":{},"end":{}}],"line":39},"2":{"loc":{"start":{"line":53,"column":4},"end":{"line":56,"column":5}},"type":"if","locations":[{"start":{"line":53,"column":4},"end":{"line":56,"column":5}},{"start":{},"end":{}}],"line":53},"3":{"loc":{"start":{"line":66,"column":2},"end":{"line":67,"column":55}},"type":"if","locations":[{"start":{"line":66,"column":2},"end":{"line":67,"column":55}},{"start":{},"end":{}}],"line":66},"4":{"loc":{"start":{"line":71,"column":2},"end":{"line":71,"column":67}},"type":"if","locations":[{"start":{"line":71,"column":2},"end":{"line":71,"column":67}},{"start":{},"end":{}}],"line":71},"5":{"loc":{"start":{"line":86,"column":2},"end":{"line":87,"column":53}},"type":"if","locations":[{"start":{"line":86,"column":2},"end":{"line":87,"column":53}},{"start":{},"end":{}}],"line":86},"6":{"loc":{"start":{"line":95,"column":2},"end":{"line":96,"column":46}},"type":"if","locations":[{"start":{"line":95,"column":2},"end":{"line":96,"column":46}},{"start":{},"end":{}}],"line":95},"7":{"loc":{"start":{"line":100,"column":2},"end":{"line":100,"column":66}},"type":"if","locations":[{"start":{"line":100,"column":2},"end":{"line":100,"column":66}},{"start":{},"end":{}}],"line":100}},"s":{"0":3,"1":3,"2":3,"3":3,"4":3,"5":3,"6":3,"7":3,"8":0,"9":0,"10":0,"11":0,"12":3,"13":0,"14":0,"15":0,"16":0,"17":0,"18":0,"19":3,"20":0,"21":0,"22":0,"23":0,"24":0,"25":0,"26":0,"27":0,"28":0,"29":0,"30":0,"31":3,"32":0,"33":0,"34":0,"35":0,"36":0,"37":0,"38":0,"39":0,"40":0,"41":3,"42":0,"43":0,"44":0,"45":0,"46":0,"47":0,"48":3},"f":{"0":0,"1":0,"2":0,"3":0,"4":0,"5":0},"b":{"0":[0,0],"1":[0,0],"2":[0,0],"3":[0,0],"4":[0,0],"5":[0,0],"6":[0,0],"7":[0,0]},"_coverageSchema":"1a1c01bbd47fc00a2c39e90264f33305004495a9","hash":"d2a576d544498db8708f73a5bb2ac0ead6d69c33"}
,"/Users/Salsa-Suace/Documents/node-app/Vidly/routers/genres.js": {"path":"/Users/Salsa-Suace/Documents/node-app/Vidly/routers/genres.js","statementMap":{"0":{"start":{"line":1,"column":16},"end":{"line":1,"column":34}},"1":{"start":{"line":2,"column":17},"end":{"line":2,"column":36}},"2":{"start":{"line":4,"column":13},"end":{"line":4,"column":42}},"3":{"start":{"line":5,"column":14},"end":{"line":5,"column":44}},"4":{"start":{"line":6,"column":25},"end":{"line":6,"column":66}},"5":{"start":{"line":8,"column":12},"end":{"line":8,"column":26}},"6":{"start":{"line":9,"column":15},"end":{"line":9,"column":31}},"7":{"start":{"line":11,"column":25},"end":{"line":11,"column":51}},"8":{"start":{"line":15,"column":0},"end":{"line":21,"column":3}},"9":{"start":{"line":18,"column":17},"end":{"line":18,"column":48}},"10":{"start":{"line":19,"column":2},"end":{"line":19,"column":19}},"11":{"start":{"line":24,"column":0},"end":{"line":30,"column":3}},"12":{"start":{"line":26,"column":16},"end":{"line":26,"column":51}},"13":{"start":{"line":28,"column":2},"end":{"line":29,"column":25}},"14":{"start":{"line":28,"column":13},"end":{"line":28,"column":60}},"15":{"start":{"line":29,"column":9},"end":{"line":29,"column":25}},"16":{"start":{"line":33,"column":0},"end":{"line":59,"column":3}},"17":{"start":{"line":35,"column":2},"end":{"line":36,"column":61}},"18":{"start":{"line":36,"column":4},"end":{"line":36,"column":61}},"19":{"start":{"line":39,"column":18},"end":{"line":39,"column":36}},"20":{"start":{"line":40,"column":2},"end":{"line":40,"column":67}},"21":{"start":{"line":40,"column":13},"end":{"line":40,"column":67}},"22":{"start":{"line":43,"column":14},"end":{"line":46,"column":4}},"23":{"start":{"line":48,"column":2},"end":{"line":57,"column":3}},"24":{"start":{"line":49,"column":4},"end":{"line":49,"column":31}},"25":{"start":{"line":50,"column":4},"end":{"line":50,"column":20}},"26":{"start":{"line":53,"column":4},"end":{"line":56,"column":5}},"27":{"start":{"line":54,"column":23},"end":{"line":54,"column":67}},"28":{"start":{"line":54,"column":57},"end":{"line":54,"column":66}},"29":{"start":{"line":55,"column":6},"end":{"line":55,"column":55}},"30":{"start":{"line":63,"column":0},"end":{"line":90,"column":3}},"31":{"start":{"line":66,"column":2},"end":{"line":67,"column":52}},"32":{"start":{"line":67,"column":4},"end":{"line":67,"column":52}},"33":{"start":{"line":70,"column":20},"end":{"line":70,"column":38}},"34":{"start":{"line":71,"column":2},"end":{"line":71,"column":67}},"35":{"start":{"line":71,"column":13},"end":{"line":71,"column":67}},"36":{"start":{"line":73,"column":16},"end":{"line":83,"column":3}},"37":{"start":{"line":85,"column":2},"end":{"line":86,"column":50}},"38":{"start":{"line":86,"column":4},"end":{"line":86,"column":50}},"39":{"start":{"line":88,"column":2},"end":{"line":88,"column":18}},"40":{"start":{"line":93,"column":0},"end":{"line":101,"column":2}},"41":{"start":{"line":94,"column":2},"end":{"line":95,"column":46}},"42":{"start":{"line":95,"column":4},"end":{"line":95,"column":46}},"43":{"start":{"line":97,"column":16},"end":{"line":97,"column":60}},"44":{"start":{"line":99,"column":2},"end":{"line":99,"column":60}},"45":{"start":{"line":99,"column":13},"end":{"line":99,"column":60}},"46":{"start":{"line":100,"column":4},"end":{"line":100,"column":20}},"47":{"start":{"line":105,"column":0},"end":{"line":105,"column":23}}},"fnMap":{"0":{"name":"(anonymous_0)","decl":{"start":{"line":15,"column":16},"end":{"line":15,"column":17}},"loc":{"start":{"line":15,"column":33},"end":{"line":21,"column":1}},"line":15},"1":{"name":"(anonymous_1)","decl":{"start":{"line":24,"column":37},"end":{"line":24,"column":38}},"loc":{"start":{"line":24,"column":54},"end":{"line":30,"column":1}},"line":24},"2":{"name":"(anonymous_2)","decl":{"start":{"line":33,"column":23},"end":{"line":33,"column":24}},"loc":{"start":{"line":33,"column":40},"end":{"line":59,"column":1}},"line":33},"3":{"name":"(anonymous_3)","decl":{"start":{"line":54,"column":52},"end":{"line":54,"column":53}},"loc":{"start":{"line":54,"column":57},"end":{"line":54,"column":66}},"line":54},"4":{"name":"(anonymous_4)","decl":{"start":{"line":63,"column":25},"end":{"line":63,"column":26}},"loc":{"start":{"line":63,"column":42},"end":{"line":90,"column":1}},"line":63},"5":{"name":"(anonymous_5)","decl":{"start":{"line":93,"column":37},"end":{"line":93,"column":38}},"loc":{"start":{"line":93,"column":54},"end":{"line":101,"column":1}},"line":93}},"branchMap":{"0":{"loc":{"start":{"line":28,"column":2},"end":{"line":29,"column":25}},"type":"if","locations":[{"start":{"line":28,"column":2},"end":{"line":29,"column":25}},{"start":{"line":29,"column":9},"end":{"line":29,"column":25}}],"line":28},"1":{"loc":{"start":{"line":35,"column":2},"end":{"line":36,"column":61}},"type":"if","locations":[{"start":{"line":35,"column":2},"end":{"line":36,"column":61}},{"start":{},"end":{}}],"line":35},"2":{"loc":{"start":{"line":35,"column":6},"end":{"line":35,"column":53}},"type":"binary-expr","locations":[{"start":{"line":35,"column":6},"end":{"line":35,"column":15}},{"start":{"line":35,"column":19},"end":{"line":35,"column":53}}],"line":35},"3":{"loc":{"start":{"line":40,"column":2},"end":{"line":40,"column":67}},"type":"if","locations":[{"start":{"line":40,"column":2},"end":{"line":40,"column":67}},{"start":{},"end":{}}],"line":40},"4":{"loc":{"start":{"line":53,"column":4},"end":{"line":56,"column":5}},"type":"if","locations":[{"start":{"line":53,"column":4},"end":{"line":56,"column":5}},{"start":{},"end":{}}],"line":53},"5":{"loc":{"start":{"line":66,"column":2},"end":{"line":67,"column":52}},"type":"if","locations":[{"start":{"line":66,"column":2},"end":{"line":67,"column":52}},{"start":{},"end":{}}],"line":66},"6":{"loc":{"start":{"line":71,"column":2},"end":{"line":71,"column":67}},"type":"if","locations":[{"start":{"line":71,"column":2},"end":{"line":71,"column":67}},{"start":{},"end":{}}],"line":71},"7":{"loc":{"start":{"line":85,"column":2},"end":{"line":86,"column":50}},"type":"if","locations":[{"start":{"line":85,"column":2},"end":{"line":86,"column":50}},{"start":{},"end":{}}],"line":85},"8":{"loc":{"start":{"line":94,"column":2},"end":{"line":95,"column":46}},"type":"if","locations":[{"start":{"line":94,"column":2},"end":{"line":95,"column":46}},{"start":{},"end":{}}],"line":94},"9":{"loc":{"start":{"line":99,"column":2},"end":{"line":99,"column":60}},"type":"if","locations":[{"start":{"line":99,"column":2},"end":{"line":99,"column":60}},{"start":{},"end":{}}],"line":99}},"s":{"0":3,"1":3,"2":3,"3":3,"4":3,"5":3,"6":3,"7":3,"8":3,"9":1,"10":1,"11":3,"12":1,"13":1,"14":0,"15":1,"16":3,"17":7,"18":0,"19":7,"20":7,"21":4,"22":3,"23":3,"24":3,"25":3,"26":0,"27":0,"28":0,"29":0,"30":3,"31":7,"32":1,"33":6,"34":6,"35":4,"36":2,"37":2,"38":0,"39":2,"40":3,"41":3,"42":1,"43":2,"44":2,"45":0,"46":2,"47":3},"f":{"0":1,"1":1,"2":7,"3":0,"4":7,"5":3},"b":{"0":[0,1],"1":[0,7],"2":[7,7],"3":[4,3],"4":[0,0],"5":[1,6],"6":[4,2],"7":[0,2],"8":[1,2],"9":[0,2]},"_coverageSchema":"1a1c01bbd47fc00a2c39e90264f33305004495a9","hash":"bbbc847e917ccf65efae96450b483b761a02ab90"}
,"/Users/Salsa-Suace/Documents/node-app/Vidly/routers/home.js": {"path":"/Users/Salsa-Suace/Documents/node-app/Vidly/routers/home.js","statementMap":{"0":{"start":{"line":1,"column":16},"end":{"line":1,"column":34}},"1":{"start":{"line":2,"column":15},"end":{"line":2,"column":31}},"2":{"start":{"line":5,"column":0},"end":{"line":7,"column":3}},"3":{"start":{"line":6,"column":2},"end":{"line":6,"column":44}},"4":{"start":{"line":9,"column":0},"end":{"line":9,"column":23}}},"fnMap":{"0":{"name":"(anonymous_0)","decl":{"start":{"line":5,"column":16},"end":{"line":5,"column":17}},"loc":{"start":{"line":5,"column":27},"end":{"line":7,"column":1}},"line":5}},"branchMap":{},"s":{"0":3,"1":3,"2":3,"3":0,"4":3},"f":{"0":0},"b":{},"_coverageSchema":"1a1c01bbd47fc00a2c39e90264f33305004495a9","hash":"f18d145a871279be5085de37990ad9996b92c166"}
,"/Users/Salsa-Suace/Documents/node-app/Vidly/routers/movies.js": {"path":"/Users/Salsa-Suace/Documents/node-app/Vidly/routers/movies.js","statementMap":{"0":{"start":{"line":1,"column":16},"end":{"line":1,"column":34}},"1":{"start":{"line":2,"column":17},"end":{"line":2,"column":36}},"2":{"start":{"line":4,"column":25},"end":{"line":4,"column":51}},"3":{"start":{"line":5,"column":16},"end":{"line":5,"column":42}},"4":{"start":{"line":6,"column":13},"end":{"line":6,"column":42}},"5":{"start":{"line":8,"column":15},"end":{"line":8,"column":31}},"6":{"start":{"line":11,"column":0},"end":{"line":19,"column":3}},"7":{"start":{"line":12,"column":2},"end":{"line":18,"column":3}},"8":{"start":{"line":13,"column":19},"end":{"line":13,"column":50}},"9":{"start":{"line":14,"column":4},"end":{"line":14,"column":21}},"10":{"start":{"line":17,"column":4},"end":{"line":17,"column":50}},"11":{"start":{"line":22,"column":0},"end":{"line":33,"column":3}},"12":{"start":{"line":24,"column":2},"end":{"line":31,"column":3}},"13":{"start":{"line":25,"column":18},"end":{"line":25,"column":53}},"14":{"start":{"line":26,"column":4},"end":{"line":27,"column":27}},"15":{"start":{"line":26,"column":15},"end":{"line":26,"column":86}},"16":{"start":{"line":27,"column":11},"end":{"line":27,"column":27}},"17":{"start":{"line":30,"column":4},"end":{"line":30,"column":39}},"18":{"start":{"line":36,"column":0},"end":{"line":66,"column":3}},"19":{"start":{"line":38,"column":18},"end":{"line":38,"column":36}},"20":{"start":{"line":39,"column":2},"end":{"line":39,"column":67}},"21":{"start":{"line":39,"column":13},"end":{"line":39,"column":67}},"22":{"start":{"line":41,"column":16},"end":{"line":41,"column":54}},"23":{"start":{"line":42,"column":2},"end":{"line":42,"column":60}},"24":{"start":{"line":42,"column":14},"end":{"line":42,"column":60}},"25":{"start":{"line":45,"column":16},"end":{"line":53,"column":4}},"26":{"start":{"line":55,"column":2},"end":{"line":64,"column":3}},"27":{"start":{"line":56,"column":4},"end":{"line":56,"column":23}},"28":{"start":{"line":57,"column":4},"end":{"line":57,"column":20}},"29":{"start":{"line":60,"column":4},"end":{"line":63,"column":5}},"30":{"start":{"line":61,"column":23},"end":{"line":61,"column":67}},"31":{"start":{"line":61,"column":57},"end":{"line":61,"column":66}},"32":{"start":{"line":62,"column":6},"end":{"line":62,"column":55}},"33":{"start":{"line":70,"column":0},"end":{"line":105,"column":3}},"34":{"start":{"line":73,"column":2},"end":{"line":74,"column":52}},"35":{"start":{"line":74,"column":4},"end":{"line":74,"column":52}},"36":{"start":{"line":77,"column":20},"end":{"line":77,"column":38}},"37":{"start":{"line":78,"column":2},"end":{"line":78,"column":67}},"38":{"start":{"line":78,"column":13},"end":{"line":78,"column":67}},"39":{"start":{"line":80,"column":16},"end":{"line":80,"column":54}},"40":{"start":{"line":81,"column":2},"end":{"line":81,"column":60}},"41":{"start":{"line":81,"column":14},"end":{"line":81,"column":60}},"42":{"start":{"line":83,"column":16},"end":{"line":98,"column":3}},"43":{"start":{"line":100,"column":2},"end":{"line":101,"column":50}},"44":{"start":{"line":101,"column":4},"end":{"line":101,"column":50}},"45":{"start":{"line":103,"column":2},"end":{"line":103,"column":18}},"46":{"start":{"line":108,"column":0},"end":{"line":117,"column":2}},"47":{"start":{"line":110,"column":2},"end":{"line":111,"column":46}},"48":{"start":{"line":111,"column":4},"end":{"line":111,"column":46}},"49":{"start":{"line":113,"column":16},"end":{"line":113,"column":60}},"50":{"start":{"line":115,"column":2},"end":{"line":115,"column":60}},"51":{"start":{"line":115,"column":13},"end":{"line":115,"column":60}},"52":{"start":{"line":116,"column":4},"end":{"line":116,"column":20}},"53":{"start":{"line":119,"column":0},"end":{"line":119,"column":23}}},"fnMap":{"0":{"name":"(anonymous_0)","decl":{"start":{"line":11,"column":16},"end":{"line":11,"column":17}},"loc":{"start":{"line":11,"column":33},"end":{"line":19,"column":1}},"line":11},"1":{"name":"(anonymous_1)","decl":{"start":{"line":22,"column":19},"end":{"line":22,"column":20}},"loc":{"start":{"line":22,"column":36},"end":{"line":33,"column":1}},"line":22},"2":{"name":"(anonymous_2)","decl":{"start":{"line":36,"column":22},"end":{"line":36,"column":23}},"loc":{"start":{"line":36,"column":39},"end":{"line":66,"column":1}},"line":36},"3":{"name":"(anonymous_3)","decl":{"start":{"line":61,"column":52},"end":{"line":61,"column":53}},"loc":{"start":{"line":61,"column":57},"end":{"line":61,"column":66}},"line":61},"4":{"name":"(anonymous_4)","decl":{"start":{"line":70,"column":25},"end":{"line":70,"column":26}},"loc":{"start":{"line":70,"column":42},"end":{"line":105,"column":1}},"line":70},"5":{"name":"(anonymous_5)","decl":{"start":{"line":108,"column":28},"end":{"line":108,"column":29}},"loc":{"start":{"line":108,"column":45},"end":{"line":117,"column":1}},"line":108}},"branchMap":{"0":{"loc":{"start":{"line":26,"column":4},"end":{"line":27,"column":27}},"type":"if","locations":[{"start":{"line":26,"column":4},"end":{"line":27,"column":27}},{"start":{"line":27,"column":11},"end":{"line":27,"column":27}}],"line":26},"1":{"loc":{"start":{"line":39,"column":2},"end":{"line":39,"column":67}},"type":"if","locations":[{"start":{"line":39,"column":2},"end":{"line":39,"column":67}},{"start":{},"end":{}}],"line":39},"2":{"loc":{"start":{"line":42,"column":2},"end":{"line":42,"column":60}},"type":"if","locations":[{"start":{"line":42,"column":2},"end":{"line":42,"column":60}},{"start":{},"end":{}}],"line":42},"3":{"loc":{"start":{"line":60,"column":4},"end":{"line":63,"column":5}},"type":"if","locations":[{"start":{"line":60,"column":4},"end":{"line":63,"column":5}},{"start":{},"end":{}}],"line":60},"4":{"loc":{"start":{"line":73,"column":2},"end":{"line":74,"column":52}},"type":"if","locations":[{"start":{"line":73,"column":2},"end":{"line":74,"column":52}},{"start":{},"end":{}}],"line":73},"5":{"loc":{"start":{"line":78,"column":2},"end":{"line":78,"column":67}},"type":"if","locations":[{"start":{"line":78,"column":2},"end":{"line":78,"column":67}},{"start":{},"end":{}}],"line":78},"6":{"loc":{"start":{"line":81,"column":2},"end":{"line":81,"column":60}},"type":"if","locations":[{"start":{"line":81,"column":2},"end":{"line":81,"column":60}},{"start":{},"end":{}}],"line":81},"7":{"loc":{"start":{"line":100,"column":2},"end":{"line":101,"column":50}},"type":"if","locations":[{"start":{"line":100,"column":2},"end":{"line":101,"column":50}},{"start":{},"end":{}}],"line":100},"8":{"loc":{"start":{"line":110,"column":2},"end":{"line":111,"column":46}},"type":"if","locations":[{"start":{"line":110,"column":2},"end":{"line":111,"column":46}},{"start":{},"end":{}}],"line":110},"9":{"loc":{"start":{"line":115,"column":2},"end":{"line":115,"column":60}},"type":"if","locations":[{"start":{"line":115,"column":2},"end":{"line":115,"column":60}},{"start":{},"end":{}}],"line":115}},"s":{"0":3,"1":3,"2":3,"3":3,"4":3,"5":3,"6":3,"7":0,"8":0,"9":0,"10":0,"11":3,"12":0,"13":0,"14":0,"15":0,"16":0,"17":0,"18":3,"19":0,"20":0,"21":0,"22":0,"23":0,"24":0,"25":0,"26":0,"27":0,"28":0,"29":0,"30":0,"31":0,"32":0,"33":3,"34":0,"35":0,"36":0,"37":0,"38":0,"39":0,"40":0,"41":0,"42":0,"43":0,"44":0,"45":0,"46":3,"47":0,"48":0,"49":0,"50":0,"51":0,"52":0,"53":3},"f":{"0":0,"1":0,"2":0,"3":0,"4":0,"5":0},"b":{"0":[0,0],"1":[0,0],"2":[0,0],"3":[0,0],"4":[0,0],"5":[0,0],"6":[0,0],"7":[0,0],"8":[0,0],"9":[0,0]},"_coverageSchema":"1a1c01bbd47fc00a2c39e90264f33305004495a9","hash":"351da49da6c3cd1f23a119cace54c2718cfce3da"}
,"/Users/Salsa-Suace/Documents/node-app/Vidly/routers/rentals.js": {"path":"/Users/Salsa-Suace/Documents/node-app/Vidly/routers/rentals.js","statementMap":{"0":{"start":{"line":1,"column":27},"end":{"line":1,"column":54}},"1":{"start":{"line":2,"column":15},"end":{"line":2,"column":41}},"2":{"start":{"line":3,"column":19},"end":{"line":3,"column":50}},"3":{"start":{"line":4,"column":13},"end":{"line":4,"column":42}},"4":{"start":{"line":6,"column":17},"end":{"line":6,"column":36}},"5":{"start":{"line":8,"column":16},"end":{"line":8,"column":34}},"6":{"start":{"line":9,"column":15},"end":{"line":9,"column":31}},"7":{"start":{"line":12,"column":0},"end":{"line":15,"column":3}},"8":{"start":{"line":13,"column":18},"end":{"line":13,"column":54}},"9":{"start":{"line":14,"column":2},"end":{"line":14,"column":20}},"10":{"start":{"line":17,"column":0},"end":{"line":65,"column":2}},"11":{"start":{"line":18,"column":18},"end":{"line":18,"column":36}},"12":{"start":{"line":19,"column":2},"end":{"line":19,"column":67}},"13":{"start":{"line":19,"column":13},"end":{"line":19,"column":67}},"14":{"start":{"line":21,"column":2},"end":{"line":60,"column":3}},"15":{"start":{"line":23,"column":21},"end":{"line":23,"column":65}},"16":{"start":{"line":24,"column":4},"end":{"line":24,"column":65}},"17":{"start":{"line":24,"column":18},"end":{"line":24,"column":65}},"18":{"start":{"line":26,"column":18},"end":{"line":26,"column":56}},"19":{"start":{"line":27,"column":4},"end":{"line":27,"column":59}},"20":{"start":{"line":27,"column":15},"end":{"line":27,"column":59}},"21":{"start":{"line":29,"column":4},"end":{"line":29,"column":85}},"22":{"start":{"line":29,"column":35},"end":{"line":29,"column":85}},"23":{"start":{"line":31,"column":17},"end":{"line":42,"column":6}},"24":{"start":{"line":44,"column":4},"end":{"line":44,"column":35}},"25":{"start":{"line":46,"column":4},"end":{"line":46,"column":26}},"26":{"start":{"line":47,"column":4},"end":{"line":47,"column":34}},"27":{"start":{"line":49,"column":4},"end":{"line":49,"column":38}},"28":{"start":{"line":50,"column":4},"end":{"line":50,"column":25}},"29":{"start":{"line":53,"column":4},"end":{"line":53,"column":21}},"30":{"start":{"line":56,"column":4},"end":{"line":56,"column":37}},"31":{"start":{"line":57,"column":4},"end":{"line":57,"column":25}},"32":{"start":{"line":59,"column":4},"end":{"line":59,"column":45}},"33":{"start":{"line":67,"column":0},"end":{"line":72,"column":3}},"34":{"start":{"line":68,"column":17},"end":{"line":68,"column":53}},"35":{"start":{"line":70,"column":2},"end":{"line":70,"column":78}},"36":{"start":{"line":70,"column":14},"end":{"line":70,"column":78}},"37":{"start":{"line":71,"column":2},"end":{"line":71,"column":19}},"38":{"start":{"line":74,"column":0},"end":{"line":74,"column":24}}},"fnMap":{"0":{"name":"(anonymous_0)","decl":{"start":{"line":12,"column":22},"end":{"line":12,"column":23}},"loc":{"start":{"line":12,"column":39},"end":{"line":15,"column":1}},"line":12},"1":{"name":"(anonymous_1)","decl":{"start":{"line":17,"column":23},"end":{"line":17,"column":24}},"loc":{"start":{"line":17,"column":40},"end":{"line":65,"column":1}},"line":17},"2":{"name":"(anonymous_2)","decl":{"start":{"line":67,"column":25},"end":{"line":67,"column":26}},"loc":{"start":{"line":67,"column":42},"end":{"line":72,"column":1}},"line":67}},"branchMap":{"0":{"loc":{"start":{"line":19,"column":2},"end":{"line":19,"column":67}},"type":"if","locations":[{"start":{"line":19,"column":2},"end":{"line":19,"column":67}},{"start":{},"end":{}}],"line":19},"1":{"loc":{"start":{"line":24,"column":4},"end":{"line":24,"column":65}},"type":"if","locations":[{"start":{"line":24,"column":4},"end":{"line":24,"column":65}},{"start":{},"end":{}}],"line":24},"2":{"loc":{"start":{"line":27,"column":4},"end":{"line":27,"column":59}},"type":"if","locations":[{"start":{"line":27,"column":4},"end":{"line":27,"column":59}},{"start":{},"end":{}}],"line":27},"3":{"loc":{"start":{"line":29,"column":4},"end":{"line":29,"column":85}},"type":"if","locations":[{"start":{"line":29,"column":4},"end":{"line":29,"column":85}},{"start":{},"end":{}}],"line":29},"4":{"loc":{"start":{"line":70,"column":2},"end":{"line":70,"column":78}},"type":"if","locations":[{"start":{"line":70,"column":2},"end":{"line":70,"column":78}},{"start":{},"end":{}}],"line":70}},"s":{"0":3,"1":3,"2":3,"3":3,"4":3,"5":3,"6":3,"7":3,"8":0,"9":0,"10":3,"11":0,"12":0,"13":0,"14":0,"15":0,"16":0,"17":0,"18":0,"19":0,"20":0,"21":0,"22":0,"23":0,"24":0,"25":0,"26":0,"27":0,"28":0,"29":0,"30":0,"31":0,"32":0,"33":3,"34":0,"35":0,"36":0,"37":0,"38":3},"f":{"0":0,"1":0,"2":0},"b":{"0":[0,0],"1":[0,0],"2":[0,0],"3":[0,0],"4":[0,0]},"_coverageSchema":"1a1c01bbd47fc00a2c39e90264f33305004495a9","hash":"4e8323fa51c2d8c4a7fb3e2087e6159faeb643da"}
,"/Users/Salsa-Suace/Documents/node-app/Vidly/routers/returns.js": {"path":"/Users/Salsa-Suace/Documents/node-app/Vidly/routers/returns.js","statementMap":{"0":{"start":{"line":1,"column":16},"end":{"line":1,"column":42}},"1":{"start":{"line":2,"column":15},"end":{"line":2,"column":40}},"2":{"start":{"line":3,"column":16},"end":{"line":3,"column":42}},"3":{"start":{"line":4,"column":17},"end":{"line":4,"column":44}},"4":{"start":{"line":5,"column":16},"end":{"line":5,"column":34}},"5":{"start":{"line":6,"column":15},"end":{"line":6,"column":31}},"6":{"start":{"line":9,"column":0},"end":{"line":12,"column":3}},"7":{"start":{"line":10,"column":2},"end":{"line":10,"column":42}},"8":{"start":{"line":14,"column":0},"end":{"line":14,"column":24}}},"fnMap":{"0":{"name":"(anonymous_0)","decl":{"start":{"line":9,"column":17},"end":{"line":9,"column":18}},"loc":{"start":{"line":9,"column":34},"end":{"line":12,"column":1}},"line":9}},"branchMap":{},"s":{"0":3,"1":3,"2":3,"3":3,"4":3,"5":3,"6":3,"7":1,"8":3},"f":{"0":1},"b":{},"_coverageSchema":"1a1c01bbd47fc00a2c39e90264f33305004495a9","hash":"ff18a07028fc052c692a92c1463ebd60eb3abba8"}
,"/Users/Salsa-Suace/Documents/node-app/Vidly/routers/users.js": {"path":"/Users/Salsa-Suace/Documents/node-app/Vidly/routers/users.js","statementMap":{"0":{"start":{"line":1,"column":13},"end":{"line":1,"column":42}},"1":{"start":{"line":2,"column":10},"end":{"line":2,"column":27}},"2":{"start":{"line":3,"column":12},"end":{"line":3,"column":35}},"3":{"start":{"line":4,"column":15},"end":{"line":4,"column":32}},"4":{"start":{"line":5,"column":15},"end":{"line":5,"column":32}},"5":{"start":{"line":6,"column":24},"end":{"line":6,"column":49}},"6":{"start":{"line":7,"column":17},"end":{"line":7,"column":36}},"7":{"start":{"line":8,"column":16},"end":{"line":8,"column":34}},"8":{"start":{"line":9,"column":15},"end":{"line":9,"column":31}},"9":{"start":{"line":11,"column":0},"end":{"line":29,"column":2}},"10":{"start":{"line":13,"column":20},"end":{"line":13,"column":38}},"11":{"start":{"line":14,"column":2},"end":{"line":14,"column":68}},"12":{"start":{"line":14,"column":14},"end":{"line":14,"column":68}},"13":{"start":{"line":16,"column":13},"end":{"line":16,"column":57}},"14":{"start":{"line":17,"column":2},"end":{"line":17,"column":65}},"15":{"start":{"line":17,"column":11},"end":{"line":17,"column":65}},"16":{"start":{"line":19,"column":2},"end":{"line":19,"column":68}},"17":{"start":{"line":20,"column":15},"end":{"line":20,"column":39}},"18":{"start":{"line":21,"column":2},"end":{"line":21,"column":57}},"19":{"start":{"line":23,"column":2},"end":{"line":23,"column":20}},"20":{"start":{"line":25,"column":16},"end":{"line":25,"column":40}},"21":{"start":{"line":27,"column":2},"end":{"line":27,"column":79}},"22":{"start":{"line":31,"column":0},"end":{"line":34,"column":2}},"23":{"start":{"line":32,"column":15},"end":{"line":32,"column":68}},"24":{"start":{"line":33,"column":2},"end":{"line":33,"column":17}},"25":{"start":{"line":35,"column":0},"end":{"line":35,"column":24}}},"fnMap":{"0":{"name":"(anonymous_0)","decl":{"start":{"line":11,"column":17},"end":{"line":11,"column":18}},"loc":{"start":{"line":11,"column":36},"end":{"line":29,"column":1}},"line":11},"1":{"name":"(anonymous_1)","decl":{"start":{"line":31,"column":24},"end":{"line":31,"column":25}},"loc":{"start":{"line":31,"column":42},"end":{"line":34,"column":1}},"line":31}},"branchMap":{"0":{"loc":{"start":{"line":14,"column":2},"end":{"line":14,"column":68}},"type":"if","locations":[{"start":{"line":14,"column":2},"end":{"line":14,"column":68}},{"start":{},"end":{}}],"line":14},"1":{"loc":{"start":{"line":17,"column":2},"end":{"line":17,"column":65}},"type":"if","locations":[{"start":{"line":17,"column":2},"end":{"line":17,"column":65}},{"start":{},"end":{}}],"line":17}},"s":{"0":3,"1":3,"2":3,"3":3,"4":3,"5":3,"6":3,"7":3,"8":3,"9":3,"10":0,"11":0,"12":0,"13":0,"14":0,"15":0,"16":0,"17":0,"18":0,"19":0,"20":0,"21":0,"22":3,"23":0,"24":0,"25":3},"f":{"0":0,"1":0},"b":{"0":[0,0],"1":[0,0]},"_coverageSchema":"1a1c01bbd47fc00a2c39e90264f33305004495a9","hash":"fe8d780a7d721014ef20d11dc36327a76b26f5d6"}
,"/Users/Salsa-Suace/Documents/node-app/Vidly/startup/config.js": {"path":"/Users/Salsa-Suace/Documents/node-app/Vidly/startup/config.js","statementMap":{"0":{"start":{"line":1,"column":15},"end":{"line":1,"column":32}},"1":{"start":{"line":3,"column":0},"end":{"line":7,"column":1}},"2":{"start":{"line":4,"column":2},"end":{"line":6,"column":3}},"3":{"start":{"line":5,"column":4},"end":{"line":5,"column":68}}},"fnMap":{"0":{"name":"(anonymous_0)","decl":{"start":{"line":3,"column":16},"end":{"line":3,"column":17}},"loc":{"start":{"line":3,"column":26},"end":{"line":7,"column":1}},"line":3}},"branchMap":{"0":{"loc":{"start":{"line":4,"column":2},"end":{"line":6,"column":3}},"type":"if","locations":[{"start":{"line":4,"column":2},"end":{"line":6,"column":3}},{"start":{},"end":{}}],"line":4}},"s":{"0":3,"1":3,"2":3,"3":0},"f":{"0":3},"b":{"0":[0,3]},"_coverageSchema":"1a1c01bbd47fc00a2c39e90264f33305004495a9","hash":"4d0912dd884709b6db263314cfa234def3edb28d"}
,"/Users/Salsa-Suace/Documents/node-app/Vidly/startup/db.js": {"path":"/Users/Salsa-Suace/Documents/node-app/Vidly/startup/db.js","statementMap":{"0":{"start":{"line":1,"column":17},"end":{"line":1,"column":36}},"1":{"start":{"line":2,"column":16},"end":{"line":2,"column":34}},"2":{"start":{"line":3,"column":15},"end":{"line":3,"column":32}},"3":{"start":{"line":6,"column":0},"end":{"line":10,"column":1}},"4":{"start":{"line":7,"column":2},"end":{"line":8,"column":80}},"5":{"start":{"line":8,"column":16},"end":{"line":8,"column":78}}},"fnMap":{"0":{"name":"(anonymous_0)","decl":{"start":{"line":6,"column":16},"end":{"line":6,"column":17}},"loc":{"start":{"line":6,"column":26},"end":{"line":10,"column":1}},"line":6},"1":{"name":"(anonymous_1)","decl":{"start":{"line":8,"column":10},"end":{"line":8,"column":11}},"loc":{"start":{"line":8,"column":16},"end":{"line":8,"column":78}},"line":8}},"branchMap":{},"s":{"0":3,"1":3,"2":3,"3":3,"4":3,"5":3},"f":{"0":3,"1":3},"b":{},"_coverageSchema":"1a1c01bbd47fc00a2c39e90264f33305004495a9","hash":"482915ee2141f6f40b9b51bbe7f0e018e9b01183"}
,"/Users/Salsa-Suace/Documents/node-app/Vidly/startup/logging.js": {"path":"/Users/Salsa-Suace/Documents/node-app/Vidly/startup/logging.js","statementMap":{"0":{"start":{"line":1,"column":0},"end":{"line":1,"column":32}},"1":{"start":{"line":2,"column":16},"end":{"line":2,"column":34}},"2":{"start":{"line":5,"column":0},"end":{"line":31,"column":1}},"3":{"start":{"line":7,"column":2},"end":{"line":15,"column":4}},"4":{"start":{"line":17,"column":2},"end":{"line":19,"column":5}},"5":{"start":{"line":18,"column":4},"end":{"line":18,"column":13}},"6":{"start":{"line":21,"column":2},"end":{"line":21,"column":74}}},"fnMap":{"0":{"name":"(anonymous_0)","decl":{"start":{"line":5,"column":16},"end":{"line":5,"column":17}},"loc":{"start":{"line":5,"column":26},"end":{"line":31,"column":1}},"line":5},"1":{"name":"(anonymous_1)","decl":{"start":{"line":17,"column":35},"end":{"line":17,"column":36}},"loc":{"start":{"line":17,"column":43},"end":{"line":19,"column":3}},"line":17}},"branchMap":{},"s":{"0":3,"1":3,"2":3,"3":3,"4":3,"5":0,"6":3},"f":{"0":3,"1":0},"b":{},"_coverageSchema":"1a1c01bbd47fc00a2c39e90264f33305004495a9","hash":"18ba96e1d518f4f2ea53a8fd3d6dd1af3552dd4c"}
,"/Users/Salsa-Suace/Documents/node-app/Vidly/startup/routes.js": {"path":"/Users/Salsa-Suace/Documents/node-app/Vidly/startup/routes.js","statementMap":{"0":{"start":{"line":1,"column":13},"end":{"line":1,"column":40}},"1":{"start":{"line":2,"column":15},"end":{"line":2,"column":44}},"2":{"start":{"line":3,"column":18},"end":{"line":3,"column":50}},"3":{"start":{"line":4,"column":15},"end":{"line":4,"column":44}},"4":{"start":{"line":5,"column":14},"end":{"line":5,"column":42}},"5":{"start":{"line":6,"column":16},"end":{"line":6,"column":46}},"6":{"start":{"line":7,"column":13},"end":{"line":7,"column":40}},"7":{"start":{"line":8,"column":16},"end":{"line":8,"column":46}},"8":{"start":{"line":9,"column":14},"end":{"line":9,"column":44}},"9":{"start":{"line":10,"column":16},"end":{"line":10,"column":34}},"10":{"start":{"line":12,"column":0},"end":{"line":23,"column":1}},"11":{"start":{"line":13,"column":2},"end":{"line":13,"column":26}},"12":{"start":{"line":14,"column":2},"end":{"line":14,"column":21}},"13":{"start":{"line":15,"column":2},"end":{"line":15,"column":33}},"14":{"start":{"line":16,"column":2},"end":{"line":16,"column":39}},"15":{"start":{"line":17,"column":2},"end":{"line":17,"column":33}},"16":{"start":{"line":18,"column":2},"end":{"line":18,"column":31}},"17":{"start":{"line":19,"column":2},"end":{"line":19,"column":35}},"18":{"start":{"line":20,"column":2},"end":{"line":20,"column":29}},"19":{"start":{"line":21,"column":2},"end":{"line":21,"column":35}},"20":{"start":{"line":22,"column":2},"end":{"line":22,"column":19}}},"fnMap":{"0":{"name":"(anonymous_0)","decl":{"start":{"line":12,"column":17},"end":{"line":12,"column":18}},"loc":{"start":{"line":12,"column":31},"end":{"line":23,"column":1}},"line":12}},"branchMap":{},"s":{"0":3,"1":3,"2":3,"3":3,"4":3,"5":3,"6":3,"7":3,"8":3,"9":3,"10":3,"11":3,"12":3,"13":3,"14":3,"15":3,"16":3,"17":3,"18":3,"19":3,"20":3},"f":{"0":3},"b":{},"_coverageSchema":"1a1c01bbd47fc00a2c39e90264f33305004495a9","hash":"fcb8098849f64a0326822c70948b4914c76fc271"}
,"/Users/Salsa-Suace/Documents/node-app/Vidly/startup/validation.js": {"path":"/Users/Salsa-Suace/Documents/node-app/Vidly/startup/validation.js","statementMap":{"0":{"start":{"line":1,"column":12},"end":{"line":1,"column":26}},"1":{"start":{"line":3,"column":0},"end":{"line":5,"column":1}},"2":{"start":{"line":4,"column":2},"end":{"line":4,"column":46}}},"fnMap":{"0":{"name":"(anonymous_0)","decl":{"start":{"line":3,"column":16},"end":{"line":3,"column":17}},"loc":{"start":{"line":3,"column":26},"end":{"line":5,"column":1}},"line":3}},"branchMap":{},"s":{"0":3,"1":3,"2":3},"f":{"0":3},"b":{},"_coverageSchema":"1a1c01bbd47fc00a2c39e90264f33305004495a9","hash":"9ca86e54f762c56f9dd6f5668a15df3db2495e1c"}
}
