TN:
SF:index.js
FN:12,(anonymous_0)
FNF:1
FNH:1
FNDA:3,(anonymous_0)
DA:1,3
DA:2,3
DA:3,3
DA:5,3
DA:6,3
DA:7,3
DA:8,3
DA:9,3
DA:11,3
DA:12,3
DA:14,3
LF:11
LH:11
BRDA:11,0,0,3
BRDA:11,0,1,3
BRF:2
BRH:2
end_of_record
TN:
SF:middleware/admin.js
FN:4,admin
FNF:1
FNH:1
FNDA:4,admin
DA:1,3
DA:2,3
DA:6,4
DA:7,3
DA:11,3
LF:5
LH:5
BRDA:6,0,0,1
BRDA:6,0,1,3
BRF:2
BRH:2
end_of_record
TN:
SF:middleware/auth.js
FN:4,auth
FNF:1
FNH:1
FNDA:24,auth
DA:1,4
DA:2,4
DA:5,24
DA:6,24
DA:8,20
DA:9,20
DA:10,19
DA:11,19
DA:15,1
DA:20,4
LF:10
LH:10
BRDA:6,0,0,4
BRDA:6,0,1,20
BRF:2
BRH:2
end_of_record
TN:
SF:middleware/error.js
FN:3,(anonymous_0)
FNF:1
FNH:0
FNDA:0,(anonymous_0)
DA:1,3
DA:3,3
DA:6,0
DA:15,0
LF:4
LH:2
BRF:0
BRH:0
end_of_record
TN:
SF:middleware/validateObjectId.js
FN:3,(anonymous_0)
FNF:1
FNH:1
FNDA:2,(anonymous_0)
DA:1,3
DA:3,3
DA:4,2
DA:5,1
DA:7,1
LF:5
LH:5
BRDA:4,0,0,1
BRDA:4,0,1,1
BRF:2
BRH:2
end_of_record
TN:
SF:models/customer.js
FN:24,validateCustomer
FNF:1
FNH:0
FNDA:0,validateCustomer
DA:1,3
DA:2,3
DA:4,3
DA:26,0
DA:32,0
DA:35,3
DA:36,3
LF:7
LH:5
BRF:0
BRH:0
end_of_record
TN:
SF:models/genre.js
FN:20,validateGenre
FNF:1
FNH:1
FNDA:13,validateGenre
DA:1,3
DA:2,3
DA:4,3
DA:22,13
DA:27,13
DA:30,3
DA:31,3
DA:32,3
LF:8
LH:8
BRF:0
BRH:0
end_of_record
TN:
SF:models/movie.js
FN:32,validateMovie
FNF:1
FNH:0
FNDA:0,validateMovie
DA:1,3
DA:2,3
DA:3,3
DA:5,3
DA:34,0
DA:40,0
DA:43,3
DA:44,3
LF:8
LH:6
BRF:0
BRH:0
end_of_record
TN:
SF:models/rental.js
FN:63,validateRental
FNF:1
FNH:0
FNDA:0,validateRental
DA:1,3
DA:2,3
DA:5,3
DA:65,0
DA:69,0
DA:72,3
DA:73,3
LF:7
LH:5
BRF:0
BRH:0
end_of_record
TN:
SF:models/user.js
FN:34,(anonymous_0)
FN:38,validateUser
FNF:2
FNH:1
FNDA:34,(anonymous_0)
FNDA:0,validateUser
DA:1,5
DA:2,5
DA:3,5
DA:4,5
DA:6,5
DA:34,5
DA:35,34
DA:39,0
DA:45,0
DA:48,5
DA:49,5
LF:11
LH:9
BRF:0
BRH:0
end_of_record
TN:
SF:routers/auth.js
FN:10,(anonymous_0)
FN:25,validate
FNF:2
FNH:0
FNDA:0,(anonymous_0)
FNDA:0,validate
DA:1,3
DA:2,3
DA:3,3
DA:4,3
DA:5,3
DA:6,3
DA:7,3
DA:8,3
DA:10,3
DA:12,0
DA:13,0
DA:15,0
DA:16,0
DA:18,0
DA:19,0
DA:21,0
DA:22,0
DA:26,0
DA:31,0
DA:34,3
LF:20
LH:10
BRDA:13,0,0,0
BRDA:13,0,1,0
BRDA:16,1,0,0
BRDA:16,1,1,0
BRDA:19,2,0,0
BRDA:19,2,1,0
BRF:6
BRH:0
end_of_record
TN:
SF:routers/customers.js
FN:11,(anonymous_0)
FN:22,(anonymous_1)
FN:36,(anonymous_2)
FN:54,(anonymous_3)
FN:63,(anonymous_4)
FN:94,(anonymous_5)
FNF:6
FNH:0
FNDA:0,(anonymous_0)
FNDA:0,(anonymous_1)
FNDA:0,(anonymous_2)
FNDA:0,(anonymous_3)
FNDA:0,(anonymous_4)
FNDA:0,(anonymous_5)
DA:1,3
DA:2,3
DA:3,3
DA:4,3
DA:5,3
DA:6,3
DA:7,3
DA:11,3
DA:12,0
DA:13,0
DA:14,0
DA:17,0
DA:22,3
DA:24,0
DA:25,0
DA:26,0
DA:27,0
DA:30,0
DA:36,3
DA:38,0
DA:39,0
DA:42,0
DA:48,0
DA:49,0
DA:50,0
DA:53,0
DA:54,0
DA:55,0
DA:63,3
DA:66,0
DA:67,0
DA:70,0
DA:71,0
DA:73,0
DA:86,0
DA:87,0
DA:89,0
DA:94,3
DA:95,0
DA:96,0
DA:98,0
DA:100,0
DA:101,0
DA:106,3
LF:44
LH:13
BRDA:26,0,0,0
BRDA:26,0,1,0
BRDA:39,1,0,0
BRDA:39,1,1,0
BRDA:53,2,0,0
BRDA:53,2,1,0
BRDA:66,3,0,0
BRDA:66,3,1,0
BRDA:71,4,0,0
BRDA:71,4,1,0
BRDA:86,5,0,0
BRDA:86,5,1,0
BRDA:95,6,0,0
BRDA:95,6,1,0
BRDA:100,7,0,0
BRDA:100,7,1,0
BRF:16
BRH:0
end_of_record
TN:
SF:routers/genres.js
FN:15,(anonymous_0)
FN:24,(anonymous_1)
FN:33,(anonymous_2)
FN:54,(anonymous_3)
FN:63,(anonymous_4)
FN:93,(anonymous_5)
FNF:6
FNH:5
FNDA:1,(anonymous_0)
FNDA:1,(anonymous_1)
FNDA:7,(anonymous_2)
FNDA:0,(anonymous_3)
FNDA:7,(anonymous_4)
FNDA:3,(anonymous_5)
DA:1,3
DA:2,3
DA:4,3
DA:5,3
DA:6,3
DA:8,3
DA:9,3
DA:11,3
DA:15,3
DA:18,1
DA:19,1
DA:24,3
DA:26,1
DA:28,1
DA:29,1
DA:33,3
DA:35,7
DA:36,0
DA:39,7
DA:40,7
DA:43,3
DA:48,3
DA:49,3
DA:50,3
DA:53,0
DA:54,0
DA:55,0
DA:63,3
DA:66,7
DA:67,1
DA:70,6
DA:71,6
DA:73,2
DA:85,2
DA:86,0
DA:88,2
DA:93,3
DA:94,3
DA:95,1
DA:97,2
DA:99,2
DA:100,2
DA:105,3
LF:43
LH:38
BRDA:28,0,0,0
BRDA:28,0,1,1
BRDA:35,1,0,0
BRDA:35,1,1,7
BRDA:35,2,0,7
BRDA:35,2,1,7
BRDA:40,3,0,4
BRDA:40,3,1,3
BRDA:53,4,0,0
BRDA:53,4,1,0
BRDA:66,5,0,1
BRDA:66,5,1,6
BRDA:71,6,0,4
BRDA:71,6,1,2
BRDA:85,7,0,0
BRDA:85,7,1,2
BRDA:94,8,0,1
BRDA:94,8,1,2
BRDA:99,9,0,0
BRDA:99,9,1,2
BRF:20
BRH:14
end_of_record
TN:
SF:routers/home.js
FN:5,(anonymous_0)
FNF:1
FNH:0
FNDA:0,(anonymous_0)
DA:1,3
DA:2,3
DA:5,3
DA:6,0
DA:9,3
LF:5
LH:4
BRF:0
BRH:0
end_of_record
TN:
SF:routers/movies.js
FN:11,(anonymous_0)
FN:22,(anonymous_1)
FN:36,(anonymous_2)
FN:61,(anonymous_3)
FN:70,(anonymous_4)
FN:108,(anonymous_5)
FNF:6
FNH:0
FNDA:0,(anonymous_0)
FNDA:0,(anonymous_1)
FNDA:0,(anonymous_2)
FNDA:0,(anonymous_3)
FNDA:0,(anonymous_4)
FNDA:0,(anonymous_5)
DA:1,3
DA:2,3
DA:4,3
DA:5,3
DA:6,3
DA:8,3
DA:11,3
DA:12,0
DA:13,0
DA:14,0
DA:17,0
DA:22,3
DA:24,0
DA:25,0
DA:26,0
DA:27,0
DA:30,0
DA:36,3
DA:38,0
DA:39,0
DA:41,0
DA:42,0
DA:45,0
DA:55,0
DA:56,0
DA:57,0
DA:60,0
DA:61,0
DA:62,0
DA:70,3
DA:73,0
DA:74,0
DA:77,0
DA:78,0
DA:80,0
DA:81,0
DA:83,0
DA:100,0
DA:101,0
DA:103,0
DA:108,3
DA:110,0
DA:111,0
DA:113,0
DA:115,0
DA:116,0
DA:119,3
LF:47
LH:12
BRDA:26,0,0,0
BRDA:26,0,1,0
BRDA:39,1,0,0
BRDA:39,1,1,0
BRDA:42,2,0,0
BRDA:42,2,1,0
BRDA:60,3,0,0
BRDA:60,3,1,0
BRDA:73,4,0,0
BRDA:73,4,1,0
BRDA:78,5,0,0
BRDA:78,5,1,0
BRDA:81,6,0,0
BRDA:81,6,1,0
BRDA:100,7,0,0
BRDA:100,7,1,0
BRDA:110,8,0,0
BRDA:110,8,1,0
BRDA:115,9,0,0
BRDA:115,9,1,0
BRF:20
BRH:0
end_of_record
TN:
SF:routers/rentals.js
FN:12,(anonymous_0)
FN:17,(anonymous_1)
FN:67,(anonymous_2)
FNF:3
FNH:0
FNDA:0,(anonymous_0)
FNDA:0,(anonymous_1)
FNDA:0,(anonymous_2)
DA:1,3
DA:2,3
DA:3,3
DA:4,3
DA:6,3
DA:8,3
DA:9,3
DA:12,3
DA:13,0
DA:14,0
DA:17,3
DA:18,0
DA:19,0
DA:21,0
DA:23,0
DA:24,0
DA:26,0
DA:27,0
DA:29,0
DA:31,0
DA:44,0
DA:46,0
DA:47,0
DA:49,0
DA:50,0
DA:53,0
DA:56,0
DA:57,0
DA:59,0
DA:67,3
DA:68,0
DA:70,0
DA:71,0
DA:74,3
LF:34
LH:11
BRDA:19,0,0,0
BRDA:19,0,1,0
BRDA:24,1,0,0
BRDA:24,1,1,0
BRDA:27,2,0,0
BRDA:27,2,1,0
BRDA:29,3,0,0
BRDA:29,3,1,0
BRDA:70,4,0,0
BRDA:70,4,1,0
BRF:10
BRH:0
end_of_record
TN:
SF:routers/returns.js
FN:9,(anonymous_0)
FNF:1
FNH:1
FNDA:1,(anonymous_0)
DA:1,3
DA:2,3
DA:3,3
DA:4,3
DA:5,3
DA:6,3
DA:9,3
DA:10,1
DA:14,3
LF:9
LH:9
BRF:0
BRH:0
end_of_record
TN:
SF:routers/users.js
FN:11,(anonymous_0)
FN:31,(anonymous_1)
FNF:2
FNH:0
FNDA:0,(anonymous_0)
FNDA:0,(anonymous_1)
DA:1,3
DA:2,3
DA:3,3
DA:4,3
DA:5,3
DA:6,3
DA:7,3
DA:8,3
DA:9,3
DA:11,3
DA:13,0
DA:14,0
DA:16,0
DA:17,0
DA:19,0
DA:20,0
DA:21,0
DA:23,0
DA:25,0
DA:27,0
DA:31,3
DA:32,0
DA:33,0
DA:35,3
LF:24
LH:12
BRDA:14,0,0,0
BRDA:14,0,1,0
BRDA:17,1,0,0
BRDA:17,1,1,0
BRF:4
BRH:0
end_of_record
TN:
SF:startup/config.js
FN:3,(anonymous_0)
FNF:1
FNH:1
FNDA:3,(anonymous_0)
DA:1,3
DA:3,3
DA:4,3
DA:5,0
LF:4
LH:3
BRDA:4,0,0,0
BRDA:4,0,1,3
BRF:2
BRH:1
end_of_record
TN:
SF:startup/db.js
FN:6,(anonymous_0)
FN:8,(anonymous_1)
FNF:2
FNH:2
FNDA:3,(anonymous_0)
FNDA:3,(anonymous_1)
DA:1,3
DA:2,3
DA:3,3
DA:6,3
DA:7,3
DA:8,3
LF:6
LH:6
BRF:0
BRH:0
end_of_record
TN:
SF:startup/logging.js
FN:5,(anonymous_0)
FN:17,(anonymous_1)
FNF:2
FNH:1
FNDA:3,(anonymous_0)
FNDA:0,(anonymous_1)
DA:1,3
DA:2,3
DA:5,3
DA:7,3
DA:17,3
DA:18,0
DA:21,3
LF:7
LH:6
BRF:0
BRH:0
end_of_record
TN:
SF:startup/routes.js
FN:12,(anonymous_0)
FNF:1
FNH:1
FNDA:3,(anonymous_0)
DA:1,3
DA:2,3
DA:3,3
DA:4,3
DA:5,3
DA:6,3
DA:7,3
DA:8,3
DA:9,3
DA:10,3
DA:12,3
DA:13,3
DA:14,3
DA:15,3
DA:16,3
DA:17,3
DA:18,3
DA:19,3
DA:20,3
DA:21,3
DA:22,3
LF:21
LH:21
BRF:0
BRH:0
end_of_record
TN:
SF:startup/validation.js
FN:3,(anonymous_0)
FNF:1
FNH:1
FNDA:3,(anonymous_0)
DA:1,3
DA:3,3
DA:4,3
LF:3
LH:3
BRF:0
BRH:0
end_of_record
